16:12:29 **** Rebuild of configuration Debug for project assignment1 ****
Info: Internal Builder is used for build
gcc -O0 -g3 -Wall -c -fmessage-length=0 -o main.o "..\\main.c" 
gcc -o assignment1.exe main.o 
Info: Nothing to build for assignment1
16:14:07 **** Incremental Build of configuration Debug for project assignment1 ****
Info: Internal Builder is used for build
gcc -O0 -g3 -Wall -c -fmessage-length=0 -o main.o "..\\main.c" 
gcc -o assignment1.exe main.o 
16:16:51 **** Incremental Build of configuration Debug for project assignment1 ****
Info: Internal Builder is used for build
gcc -O0 -g3 -Wall -c -fmessage-length=0 -o main.o "..\\main.c" 
gcc -o assignment1.exe main.o 
Info: Nothing to build for assignment1
16:17:53 **** Incremental Build of configuration Debug for project assignment1 ****
Info: Internal Builder is used for build
gcc -O0 -g3 -Wall -c -fmessage-length=0 -o main.o "..\\main.c" 
gcc -o assignment1.exe main.o 
Info: Nothing to build for assignment1
16:18:23 **** Incremental Build of configuration Debug for project assignment1 ****
Info: Internal Builder is used for build
gcc -O0 -g3 -Wall -c -fmessage-length=0 -o main.o "..\\main.c" 
gcc -o assignment1.exe main.o 
Info: Nothing to build for assignment1
16:18:38 **** Incremental Build of configuration Debug for project assignment1 ****
Info: Internal Builder is used for build
gcc -O0 -g3 -Wall -c -fmessage-length=0 -o main.o "..\\main.c" 
gcc -o assignment1.exe main.o 
Info: Nothing to build for assignment1
16:38:11 **** Rebuild of configuration Debug for project assignment2 ****
Info: Internal Builder is used for build
gcc -O0 -g3 -Wall -c -fmessage-length=0 -o main.o "..\\main.c" 
..\main.c: In function 'main':
..\main.c:28:11: warning: format '%f' expects argument of type 'float *', but argument 2 has type 'double' [-Wformat=]
   scanf("%f",distance.dist_feet1);
           ^
..\main.c:33:11: warning: format '%f' expects argument of type 'float *', but argument 2 has type 'double' [-Wformat=]
   scanf("%f",distance.dist_feet2);
           ^
..\main.c:37:11: warning: format '%f' expects argument of type 'float *', but argument 2 has type 'double' [-Wformat=]
   scanf("%f",distance.dist_inch2);
           ^
gcc -o assignment2.exe main.o 
16:38:31 **** Incremental Build of configuration Debug for project assignment2 ****
Info: Internal Builder is used for build
gcc -O0 -g3 -Wall -c -fmessage-length=0 -o main.o "..\\main.c" 
gcc -o assignment2.exe main.o 
16:49:32 **** Incremental Build of configuration Debug for project assignment2 ****
Info: Internal Builder is used for build
gcc -O0 -g3 -Wall -c -fmessage-length=0 -o main.o "..\\main.c" 
gcc -o assignment2.exe main.o 
Info: Nothing to build for assignment2
20:14:30 **** Rebuild of configuration Debug for project assignment3 ****
Info: Internal Builder is used for build
gcc -O0 -g3 -Wall -c -fmessage-length=0 -o main.o "..\\main.c" 
..\main.c: In function 'readDate':
..\main.c:27:22: warning: format '%s' expects a matching 'char *' argument [-Wformat=]
  printf("Enter your %s example(23/3/2023)");
                      ^
..\main.c: In function 'writeEmployee':
..\main.c:55:21: warning: format '%s' expects argument of type 'char *', but argument 2 has type 'struct sDate' [-Wformat=]
  printf("birthdate:%s",employee.birthday);
                     ^
..\main.c:56:30: warning: format '%s' expects argument of type 'char *', but argument 2 has type 'struct sDate' [-Wformat=]
  printf("graduation year is:%s",employee.graduation);
                              ^
..\main.c: In function 'main':
..\main.c:63:25: error: invalid initializer
  struct sEmployee emp = readEmployee;
                         ^~~~~~~~~~~~
20:14:36 **** Incremental Build of configuration Debug for project assignment3 ****
Info: Internal Builder is used for build
gcc -O0 -g3 -Wall -c -fmessage-length=0 -o main.o "..\\main.c" 
..\main.c: In function 'readDate':
..\main.c:27:22: warning: format '%s' expects a matching 'char *' argument [-Wformat=]
  printf("Enter your %s example(23/3/2023)");
                      ^
..\main.c: In function 'writeEmployee':
..\main.c:55:21: warning: format '%s' expects argument of type 'char *', but argument 2 has type 'struct sDate' [-Wformat=]
  printf("birthdate:%s",employee.birthday);
                     ^
..\main.c:56:30: warning: format '%s' expects argument of type 'char *', but argument 2 has type 'struct sDate' [-Wformat=]
  printf("graduation year is:%s",employee.graduation);
                              ^
gcc -o assignment3.exe main.o 
20:19:06 **** Incremental Build of configuration Debug for project assignment3 ****
Info: Internal Builder is used for build
gcc -O0 -g3 -Wall -c -fmessage-length=0 -o main.o "..\\main.c" 
..\main.c: In function 'readDate':
..\main.c:27:22: warning: format '%s' expects a matching 'char *' argument [-Wformat=]
  printf("Enter your %s example(23/3/2023)");
                      ^
gcc -o assignment3.exe main.o 
20:19:36 **** Incremental Build of configuration Debug for project assignment3 ****
Info: Internal Builder is used for build
gcc -O0 -g3 -Wall -c -fmessage-length=0 -o main.o "..\\main.c" 
gcc -o assignment3.exe main.o 
Info: Nothing to build for assignment3
Info: Nothing to build for assignment3
01:18:48 **** Incremental Build of configuration Debug for project assignment3 ****
Info: Internal Builder is used for build
gcc -O0 -g3 -Wall -c -fmessage-length=0 -o main.o "..\\main.c" 
gcc -o assignment3.exe main.o 
Info: Nothing to build for assignment3
01:19:34 **** Incremental Build of configuration Debug for project assignment3 ****
Info: Internal Builder is used for build
gcc -O0 -g3 -Wall -c -fmessage-length=0 -o main.o "..\\main.c" 
gcc -o assignment3.exe main.o 
Info: Nothing to build for assignment3
01:20:40 **** Incremental Build of configuration Debug for project assignment3 ****
Info: Internal Builder is used for build
gcc -O0 -g3 -Wall -c -fmessage-length=0 -o main.o "..\\main.c" 
gcc -o assignment3.exe main.o 
Info: Nothing to build for assignment3
01:45:34 **** Rebuild of configuration Debug for project assignment4 ****
Info: Internal Builder is used for build
gcc -O0 -g3 -Wall -c -fmessage-length=0 -o main.o "..\\main.c" 
..\main.c: In function 'printSum':
..\main.c:36:39: error: 'R' undeclared (first use in this function)
  printf("sum is equal to: %lf + j%lf",R.real,I.imginary);
                                       ^
..\main.c:36:39: note: each undeclared identifier is reported only once for each function it appears in
..\main.c:36:46: error: 'I' undeclared (first use in this function)
  printf("sum is equal to: %lf + j%lf",R.real,I.imginary);
                                              ^
Info: Nothing to build for assignment3
01:45:55 **** Incremental Build of configuration Debug for project assignment4 ****
Info: Internal Builder is used for build
gcc -O0 -g3 -Wall -c -fmessage-length=0 -o main.o "..\\main.c" 
gcc -o assignment4.exe main.o 
Info: Nothing to build for assignment4
Info: Nothing to build for assignment3
01:48:09 **** Incremental Build of configuration Debug for project assignment4 ****
Info: Internal Builder is used for build
gcc -O0 -g3 -Wall -c -fmessage-length=0 -o main.o "..\\main.c" 
gcc -o assignment4.exe main.o 
18:59:32 **** Rebuild of configuration Debug for project assignment5 ****
Info: Internal Builder is used for build
gcc -O0 -g3 -Wall -c -fmessage-length=0 -o main.o "..\\main.c" 
..\main.c: In function 'main':
..\main.c:18:19: error: array size missing in 'student'
  struct sStudents student[];
                   ^~~~~~~
..\main.c:22:21: error: '(struct sStudents *)&student' is a pointer; did you mean to use '->'?
  scanf("%d",&student.id);
                     ^
                     ->
..\main.c:26:14: error: '(struct sStudents *)&student' is a pointer; did you mean to use '->'?
  gets(student.name);
              ^
              ->
..\main.c:30:21: error: '(struct sStudents *)&student' is a pointer; did you mean to use '->'?
  scanf("%d",&student.marks);
                     ^
                     ->
19:00:34 **** Incremental Build of configuration Debug for project assignment5 ****
Info: Internal Builder is used for build
gcc -O0 -g3 -Wall -c -fmessage-length=0 -o main.o "..\\main.c" 
..\main.c: In function 'main':
..\main.c:22:21: error: '(struct sStudents *)&student' is a pointer; did you mean to use '->'?
  scanf("%d",&student.id);
                     ^
                     ->
..\main.c:26:14: error: '(struct sStudents *)&student' is a pointer; did you mean to use '->'?
  gets(student.name);
              ^
              ->
..\main.c:30:21: error: '(struct sStudents *)&student' is a pointer; did you mean to use '->'?
  scanf("%d",&student.marks);
                     ^
                     ->
19:10:39 **** Incremental Build of configuration Debug for project assignment5 ****
Info: Internal Builder is used for build
gcc -O0 -g3 -Wall -c -fmessage-length=0 -o main.o "..\\main.c" 
gcc -o assignment5.exe main.o 
Info: Nothing to build for assignment5
19:11:04 **** Incremental Build of configuration Debug for project assignment5 ****
Info: Internal Builder is used for build
gcc -O0 -g3 -Wall -c -fmessage-length=0 -o main.o "..\\main.c" 
..\main.c: In function 'main':
..\main.c:25:13: error: expected ')' before 'sizeof'
  printf("%d"sizeof(arr));
             ^~~~~~
..\main.c:25:11: warning: format '%d' expects a matching 'int' argument [-Wformat=]
  printf("%d"sizeof(arr));
           ^
19:11:14 **** Incremental Build of configuration Debug for project assignment5 ****
Info: Internal Builder is used for build
gcc -O0 -g3 -Wall -c -fmessage-length=0 -o main.o "..\\main.c" 
gcc -o assignment5.exe main.o 
Info: Nothing to build for assignment5
19:13:06 **** Incremental Build of configuration Debug for project assignment5 ****
Info: Internal Builder is used for build
gcc -O0 -g3 -Wall -c -fmessage-length=0 -o main.o "..\\main.c" 
gcc -o assignment5.exe main.o 
Info: Nothing to build for assignment5
19:14:51 **** Incremental Build of configuration Debug for project assignment5 ****
Info: Internal Builder is used for build
gcc -O0 -g3 -Wall -c -fmessage-length=0 -o main.o "..\\main.c" 
..\main.c: In function 'main':
..\main.c:25:23: error: '(struct sStudents *)&student' is a pointer; did you mean to use '->'?
    scanf("%d",&student.id);
                       ^
                       ->
..\main.c:29:16: error: '(struct sStudents *)&student' is a pointer; did you mean to use '->'?
    gets(student.name);
                ^
                ->
..\main.c:33:23: error: '(struct sStudents *)&student' is a pointer; did you mean to use '->'?
    scanf("%d",&student.marks);
                       ^
                       ->
..\main.c:38:9: error: expected expression before ')' token
  }while(){
         ^
19:16:00 **** Incremental Build of configuration Debug for project assignment5 ****
Info: Internal Builder is used for build
gcc -O0 -g3 -Wall -c -fmessage-length=0 -o main.o "..\\main.c" 
..\main.c: In function 'main':
..\main.c:34:12: warning: format '%d' expects argument of type 'int *', but argument 2 has type 'float *' [-Wformat=]
    scanf("%d",&student[i].marks);
            ^
..\main.c:36:22: warning: passing argument 1 of 'strlen' from incompatible pointer type [-Wincompatible-pointer-types]
    for(i=0; i<strlen(student); i++){
                      ^~~~~~~
In file included from ..\main.c:10:0:
c:\mingw\include\string.h:83:41: note: expected 'const char *' but argument is of type 'struct sStudents *'
 _CRTIMP __cdecl __MINGW_NOTHROW  size_t strlen (const char *) __MINGW_ATTRIB_PURE;
                                         ^~~~~~
..\main.c:39:9: error: expected expression before ')' token
  }while(){
         ^
19:16:29 **** Incremental Build of configuration Debug for project assignment5 ****
Info: Internal Builder is used for build
gcc -O0 -g3 -Wall -c -fmessage-length=0 -o main.o "..\\main.c" 
..\main.c: In function 'main':
..\main.c:34:12: warning: format '%d' expects argument of type 'int *', but argument 2 has type 'float *' [-Wformat=]
    scanf("%d",&student[i].marks);
            ^
..\main.c:36:22: warning: passing argument 1 of 'strlen' from incompatible pointer type [-Wincompatible-pointer-types]
    for(i=0; i<strlen(student); i++){
                      ^~~~~~~
In file included from ..\main.c:10:0:
c:\mingw\include\string.h:83:41: note: expected 'const char *' but argument is of type 'struct sStudents *'
 _CRTIMP __cdecl __MINGW_NOTHROW  size_t strlen (const char *) __MINGW_ATTRIB_PURE;
                                         ^~~~~~
..\main.c:39:11: error: expected ';' before '{' token
  }while(i){
           ^
19:20:56 **** Incremental Build of configuration Debug for project assignment5 ****
Info: Internal Builder is used for build
gcc -O0 -g3 -Wall -c -fmessage-length=0 -o main.o "..\\main.c" 
..\main.c: In function 'main':
..\main.c:34:12: warning: format '%d' expects argument of type 'int *', but argument 2 has type 'float *' [-Wformat=]
    scanf("%d",&student[i].marks);
            ^
..\main.c:36:22: warning: passing argument 1 of 'strlen' from incompatible pointer type [-Wincompatible-pointer-types]
    for(i=0; i<strlen(student); i++){
                      ^~~~~~~
In file included from ..\main.c:10:0:
c:\mingw\include\string.h:83:41: note: expected 'const char *' but argument is of type 'struct sStudents *'
 _CRTIMP __cdecl __MINGW_NOTHROW  size_t strlen (const char *) __MINGW_ATTRIB_PURE;
                                         ^~~~~~
gcc -o assignment5.exe main.o 
19:21:23 **** Incremental Build of configuration Debug for project assignment5 ****
Info: Internal Builder is used for build
gcc -O0 -g3 -Wall -c -fmessage-length=0 -o main.o "..\\main.c" 
..\main.c: In function 'main':
..\main.c:36:22: warning: passing argument 1 of 'strlen' from incompatible pointer type [-Wincompatible-pointer-types]
    for(i=0; i<strlen(student); i++){
                      ^~~~~~~
In file included from ..\main.c:10:0:
c:\mingw\include\string.h:83:41: note: expected 'const char *' but argument is of type 'struct sStudents *'
 _CRTIMP __cdecl __MINGW_NOTHROW  size_t strlen (const char *) __MINGW_ATTRIB_PURE;
                                         ^~~~~~
gcc -o assignment5.exe main.o 
19:22:29 **** Incremental Build of configuration Debug for project assignment5 ****
Info: Internal Builder is used for build
gcc -O0 -g3 -Wall -c -fmessage-length=0 -o main.o "..\\main.c" 
gcc -o assignment5.exe main.o 
Info: Nothing to build for assignment5
19:23:02 **** Incremental Build of configuration Debug for project assignment5 ****
Info: Internal Builder is used for build
gcc -O0 -g3 -Wall -c -fmessage-length=0 -o main.o "..\\main.c" 
gcc -o assignment5.exe main.o 
19:42:17 **** Incremental Build of configuration Debug for project assignment5 ****
Info: Internal Builder is used for build
gcc -O0 -g3 -Wall -c -fmessage-length=0 -o main.o "..\\main.c" 
..\main.c: In function 'main':
..\main.c:54:2: warning: 'ans' is used uninitialized in this function [-Wuninitialized]
  }while(ans=='y');
  ^
gcc -o assignment5.exe main.o 
19:44:49 **** Incremental Build of configuration Debug for project assignment5 ****
Info: Internal Builder is used for build
gcc -O0 -g3 -Wall -c -fmessage-length=0 -o main.o "..\\main.c" 
..\main.c: In function 'main':
..\main.c:37:3: error: 'count' undeclared (first use in this function)
   count++;
   ^~~~~
..\main.c:37:3: note: each undeclared identifier is reported only once for each function it appears in
..\main.c:40:9: warning: too many arguments for format [-Wformat-extra-args]
   scanf("&c",&ans);
         ^~~~
19:44:59 **** Incremental Build of configuration Debug for project assignment5 ****
Info: Internal Builder is used for build
gcc -O0 -g3 -Wall -c -fmessage-length=0 -o main.o "..\\main.c" 
gcc -o assignment5.exe main.o 
Info: Nothing to build for assignment5
19:46:34 **** Incremental Build of configuration Debug for project assignment5 ****
Info: Internal Builder is used for build
gcc -O0 -g3 -Wall -c -fmessage-length=0 -o main.o "..\\main.c" 
gcc -o assignment5.exe main.o 
Info: Nothing to build for assignment5
Info: Nothing to build for assignment5
19:50:48 **** Incremental Build of configuration Debug for project assignment5 ****
Info: Internal Builder is used for build
gcc -O0 -g3 -Wall -c -fmessage-length=0 -o main.o "..\\main.c" 
gcc -o assignment5.exe main.o 
Info: Nothing to build for assignment5
19:53:14 **** Incremental Build of configuration Debug for project assignment5 ****
Info: Internal Builder is used for build
gcc -O0 -g3 -Wall -c -fmessage-length=0 -o main.o "..\\main.c" 
gcc -o assignment5.exe main.o 
21:02:25 **** Rebuild of configuration Debug for project assignment6 ****
Info: Internal Builder is used for build
gcc -O0 -g3 -Wall -c -fmessage-length=0 -o main.o "..\\main.c" 
gcc -o assignment6.exe main.o 
Info: Nothing to build for assignment6
21:03:01 **** Incremental Build of configuration Debug for project assignment6 ****
Info: Internal Builder is used for build
gcc -O0 -g3 -Wall -c -fmessage-length=0 -o main.o "..\\main.c" 
gcc -o assignment6.exe main.o 
Info: Nothing to build for assignment6
21:03:23 **** Incremental Build of configuration Debug for project assignment6 ****
Info: Internal Builder is used for build
gcc -O0 -g3 -Wall -c -fmessage-length=0 -o main.o "..\\main.c" 
gcc -o assignment6.exe main.o 
Info: Nothing to build for assignment6
Info: Nothing to build for assignment6
21:06:00 **** Incremental Build of configuration Debug for project assignment6 ****
Info: Internal Builder is used for build
gcc -O0 -g3 -Wall -c -fmessage-length=0 -o main.o "..\\main.c" 
gcc -o assignment6.exe main.o 
Info: Nothing to build for assignment6
21:06:22 **** Incremental Build of configuration Debug for project assignment6 ****
Info: Internal Builder is used for build
gcc -O0 -g3 -Wall -c -fmessage-length=0 -o main.o "..\\main.c" 
gcc -o assignment6.exe main.o 
Info: Nothing to build for assignment6
